<?xml version="1.0" encoding="UTF-8"?>
<testsuite xmlns:xsi="http://www.w3.org/2001/XMLSchema-instance" xsi:noNamespaceSchemaLocation="https://maven.apache.org/surefire/maven-surefire-plugin/xsd/surefire-test-report-3.0.xsd" version="3.0" name="junitTests.ConnectionTest" time="0.029" tests="1" errors="0" skipped="0" failures="0">
  <properties>
    <property name="java.specification.version" value="17"/>
    <property name="sun.cpu.isalist" value="amd64"/>
    <property name="sun.jnu.encoding" value="Cp1252"/>
    <property name="java.class.path" value="C:\Users\Cliente\Desktop\Softwares\MARVSupportApp\target\test-classes;C:\Users\Cliente\Desktop\Softwares\MARVSupportApp\target\classes;C:\Users\Cliente\.m2\repository\com\mysql\mysql-connector-j\8.0.33\mysql-connector-j-8.0.33.jar;C:\Users\Cliente\.m2\repository\com\google\protobuf\protobuf-java\3.21.9\protobuf-java-3.21.9.jar;C:\Users\Cliente\.m2\repository\io\cucumber\cucumber-java\7.14.0\cucumber-java-7.14.0.jar;C:\Users\Cliente\.m2\repository\io\cucumber\cucumber-core\7.14.0\cucumber-core-7.14.0.jar;C:\Users\Cliente\.m2\repository\io\cucumber\cucumber-gherkin\7.14.0\cucumber-gherkin-7.14.0.jar;C:\Users\Cliente\.m2\repository\io\cucumber\cucumber-gherkin-messages\7.14.0\cucumber-gherkin-messages-7.14.0.jar;C:\Users\Cliente\.m2\repository\io\cucumber\tag-expressions\5.0.6\tag-expressions-5.0.6.jar;C:\Users\Cliente\.m2\repository\io\cucumber\cucumber-expressions\16.1.2\cucumber-expressions-16.1.2.jar;C:\Users\Cliente\.m2\repository\io\cucumber\datatable\7.14.0\datatable-7.14.0.jar;C:\Users\Cliente\.m2\repository\io\cucumber\cucumber-plugin\7.14.0\cucumber-plugin-7.14.0.jar;C:\Users\Cliente\.m2\repository\io\cucumber\docstring\7.14.0\docstring-7.14.0.jar;C:\Users\Cliente\.m2\repository\io\cucumber\html-formatter\20.4.0\html-formatter-20.4.0.jar;C:\Users\Cliente\.m2\repository\io\cucumber\junit-xml-formatter\0.2.0\junit-xml-formatter-0.2.0.jar;C:\Users\Cliente\.m2\repository\io\cucumber\ci-environment\9.2.0\ci-environment-9.2.0.jar;C:\Users\Cliente\.m2\repository\org\apiguardian\apiguardian-api\1.1.2\apiguardian-api-1.1.2.jar;C:\Users\Cliente\.m2\repository\io\cucumber\cucumber-junit\7.14.0\cucumber-junit-7.14.0.jar;C:\Users\Cliente\.m2\repository\org\netbeans\external\AbsoluteLayout\RELEASE190\AbsoluteLayout-RELEASE190.jar;C:\Users\Cliente\.m2\repository\org\apache\commons\commons-email\1.5\commons-email-1.5.jar;C:\Users\Cliente\.m2\repository\com\sun\mail\javax.mail\1.5.6\javax.mail-1.5.6.jar;C:\Users\Cliente\.m2\repository\javax\mail\javax.mail-api\1.6.2\javax.mail-api-1.6.2.jar;C:\Users\Cliente\.m2\repository\javax\activation\activation\1.1.1\activation-1.1.1.jar;C:\Users\Cliente\.m2\repository\io\cucumber\gherkin\27.0.0\gherkin-27.0.0.jar;C:\Users\Cliente\.m2\repository\io\cucumber\messages\22.0.0\messages-22.0.0.jar;C:\Users\Cliente\.m2\repository\io\dropwizard\metrics\metrics-core\4.2.22\metrics-core-4.2.22.jar;C:\Users\Cliente\.m2\repository\org\slf4j\slf4j-api\1.7.36\slf4j-api-1.7.36.jar;C:\Users\Cliente\.m2\repository\junit\junit\4.13.2\junit-4.13.2.jar;C:\Users\Cliente\.m2\repository\org\hamcrest\hamcrest-core\1.3\hamcrest-core-1.3.jar;C:\Users\Cliente\.m2\repository\org\junit\jupiter\junit-jupiter-api\5.10.1\junit-jupiter-api-5.10.1.jar;C:\Users\Cliente\.m2\repository\org\opentest4j\opentest4j\1.3.0\opentest4j-1.3.0.jar;C:\Users\Cliente\.m2\repository\org\junit\platform\junit-platform-commons\1.10.1\junit-platform-commons-1.10.1.jar;C:\Users\Cliente\.m2\repository\org\junit\jupiter\junit-jupiter-engine\5.10.1\junit-jupiter-engine-5.10.1.jar;C:\Users\Cliente\.m2\repository\org\junit\platform\junit-platform-engine\1.10.1\junit-platform-engine-1.10.1.jar;C:\Users\Cliente\.m2\repository\org\junit\platform\junit-platform-suite-engine\1.9.1\junit-platform-suite-engine-1.9.1.jar;C:\Users\Cliente\.m2\repository\org\junit\platform\junit-platform-suite-api\1.9.1\junit-platform-suite-api-1.9.1.jar;C:\Users\Cliente\.m2\repository\org\junit\platform\junit-platform-suite-commons\1.9.1\junit-platform-suite-commons-1.9.1.jar;C:\Users\Cliente\.m2\repository\org\junit\platform\junit-platform-launcher\1.9.1\junit-platform-launcher-1.9.1.jar;C:\Users\Cliente\.m2\repository\org\hamcrest\hamcrest\2.2\hamcrest-2.2.jar;C:\Users\Cliente\.m2\repository\org\jacoco\jacoco-maven-plugin\0.8.11\jacoco-maven-plugin-0.8.11.jar;C:\Users\Cliente\.m2\repository\org\codehaus\plexus\plexus-utils\3.0.24\plexus-utils-3.0.24.jar;C:\Users\Cliente\.m2\repository\org\apache\maven\shared\file-management\3.1.0\file-management-3.1.0.jar;C:\Users\Cliente\.m2\repository\commons-io\commons-io\2.11.0\commons-io-2.11.0.jar;C:\Users\Cliente\.m2\repository\org\apache\maven\reporting\maven-reporting-api\3.0\maven-reporting-api-3.0.jar;C:\Users\Cliente\.m2\repository\org\apache\maven\doxia\doxia-sink-api\1.0\doxia-sink-api-1.0.jar;C:\Users\Cliente\.m2\repository\org\jacoco\org.jacoco.agent\0.8.11\org.jacoco.agent-0.8.11-runtime.jar;C:\Users\Cliente\.m2\repository\org\jacoco\org.jacoco.core\0.8.11\org.jacoco.core-0.8.11.jar;C:\Users\Cliente\.m2\repository\org\ow2\asm\asm\9.6\asm-9.6.jar;C:\Users\Cliente\.m2\repository\org\ow2\asm\asm-commons\9.6\asm-commons-9.6.jar;C:\Users\Cliente\.m2\repository\org\ow2\asm\asm-tree\9.6\asm-tree-9.6.jar;C:\Users\Cliente\.m2\repository\org\jacoco\org.jacoco.report\0.8.11\org.jacoco.report-0.8.11.jar;"/>
    <property name="sun.awt.enableExtraMouseButtons" value="true"/>
    <property name="java.vm.vendor" value="Oracle Corporation"/>
    <property name="sun.arch.data.model" value="64"/>
    <property name="user.variant" value=""/>
    <property name="java.vendor.url" value="https://java.oracle.com/"/>
    <property name="user.timezone" value="America/Sao_Paulo"/>
    <property name="os.name" value="Windows 11"/>
    <property name="java.vm.specification.version" value="17"/>
    <property name="user.country" value="BR"/>
    <property name="sun.java.launcher" value="SUN_STANDARD"/>
    <property name="sun.boot.library.path" value="C:\Program Files\Java\jdk-17\bin"/>
    <property name="sun.java.command" value="C:\Users\Cliente\AppData\Local\Temp\surefire12573187558435779081\surefirebooter-20231202213926955_3.jar C:\Users\Cliente\AppData\Local\Temp\surefire12573187558435779081 2023-12-02T21-39-26_740-jvmRun1 surefire-20231202213926955_1tmp surefire_0-20231202213926955_2tmp"/>
    <property name="jdk.debug" value="release"/>
    <property name="surefire.test.class.path" value="C:\Users\Cliente\Desktop\Softwares\MARVSupportApp\target\test-classes;C:\Users\Cliente\Desktop\Softwares\MARVSupportApp\target\classes;C:\Users\Cliente\.m2\repository\com\mysql\mysql-connector-j\8.0.33\mysql-connector-j-8.0.33.jar;C:\Users\Cliente\.m2\repository\com\google\protobuf\protobuf-java\3.21.9\protobuf-java-3.21.9.jar;C:\Users\Cliente\.m2\repository\io\cucumber\cucumber-java\7.14.0\cucumber-java-7.14.0.jar;C:\Users\Cliente\.m2\repository\io\cucumber\cucumber-core\7.14.0\cucumber-core-7.14.0.jar;C:\Users\Cliente\.m2\repository\io\cucumber\cucumber-gherkin\7.14.0\cucumber-gherkin-7.14.0.jar;C:\Users\Cliente\.m2\repository\io\cucumber\cucumber-gherkin-messages\7.14.0\cucumber-gherkin-messages-7.14.0.jar;C:\Users\Cliente\.m2\repository\io\cucumber\tag-expressions\5.0.6\tag-expressions-5.0.6.jar;C:\Users\Cliente\.m2\repository\io\cucumber\cucumber-expressions\16.1.2\cucumber-expressions-16.1.2.jar;C:\Users\Cliente\.m2\repository\io\cucumber\datatable\7.14.0\datatable-7.14.0.jar;C:\Users\Cliente\.m2\repository\io\cucumber\cucumber-plugin\7.14.0\cucumber-plugin-7.14.0.jar;C:\Users\Cliente\.m2\repository\io\cucumber\docstring\7.14.0\docstring-7.14.0.jar;C:\Users\Cliente\.m2\repository\io\cucumber\html-formatter\20.4.0\html-formatter-20.4.0.jar;C:\Users\Cliente\.m2\repository\io\cucumber\junit-xml-formatter\0.2.0\junit-xml-formatter-0.2.0.jar;C:\Users\Cliente\.m2\repository\io\cucumber\ci-environment\9.2.0\ci-environment-9.2.0.jar;C:\Users\Cliente\.m2\repository\org\apiguardian\apiguardian-api\1.1.2\apiguardian-api-1.1.2.jar;C:\Users\Cliente\.m2\repository\io\cucumber\cucumber-junit\7.14.0\cucumber-junit-7.14.0.jar;C:\Users\Cliente\.m2\repository\org\netbeans\external\AbsoluteLayout\RELEASE190\AbsoluteLayout-RELEASE190.jar;C:\Users\Cliente\.m2\repository\org\apache\commons\commons-email\1.5\commons-email-1.5.jar;C:\Users\Cliente\.m2\repository\com\sun\mail\javax.mail\1.5.6\javax.mail-1.5.6.jar;C:\Users\Cliente\.m2\repository\javax\mail\javax.mail-api\1.6.2\javax.mail-api-1.6.2.jar;C:\Users\Cliente\.m2\repository\javax\activation\activation\1.1.1\activation-1.1.1.jar;C:\Users\Cliente\.m2\repository\io\cucumber\gherkin\27.0.0\gherkin-27.0.0.jar;C:\Users\Cliente\.m2\repository\io\cucumber\messages\22.0.0\messages-22.0.0.jar;C:\Users\Cliente\.m2\repository\io\dropwizard\metrics\metrics-core\4.2.22\metrics-core-4.2.22.jar;C:\Users\Cliente\.m2\repository\org\slf4j\slf4j-api\1.7.36\slf4j-api-1.7.36.jar;C:\Users\Cliente\.m2\repository\junit\junit\4.13.2\junit-4.13.2.jar;C:\Users\Cliente\.m2\repository\org\hamcrest\hamcrest-core\1.3\hamcrest-core-1.3.jar;C:\Users\Cliente\.m2\repository\org\junit\jupiter\junit-jupiter-api\5.10.1\junit-jupiter-api-5.10.1.jar;C:\Users\Cliente\.m2\repository\org\opentest4j\opentest4j\1.3.0\opentest4j-1.3.0.jar;C:\Users\Cliente\.m2\repository\org\junit\platform\junit-platform-commons\1.10.1\junit-platform-commons-1.10.1.jar;C:\Users\Cliente\.m2\repository\org\junit\jupiter\junit-jupiter-engine\5.10.1\junit-jupiter-engine-5.10.1.jar;C:\Users\Cliente\.m2\repository\org\junit\platform\junit-platform-engine\1.10.1\junit-platform-engine-1.10.1.jar;C:\Users\Cliente\.m2\repository\org\junit\platform\junit-platform-suite-engine\1.9.1\junit-platform-suite-engine-1.9.1.jar;C:\Users\Cliente\.m2\repository\org\junit\platform\junit-platform-suite-api\1.9.1\junit-platform-suite-api-1.9.1.jar;C:\Users\Cliente\.m2\repository\org\junit\platform\junit-platform-suite-commons\1.9.1\junit-platform-suite-commons-1.9.1.jar;C:\Users\Cliente\.m2\repository\org\junit\platform\junit-platform-launcher\1.9.1\junit-platform-launcher-1.9.1.jar;C:\Users\Cliente\.m2\repository\org\hamcrest\hamcrest\2.2\hamcrest-2.2.jar;C:\Users\Cliente\.m2\repository\org\jacoco\jacoco-maven-plugin\0.8.11\jacoco-maven-plugin-0.8.11.jar;C:\Users\Cliente\.m2\repository\org\codehaus\plexus\plexus-utils\3.0.24\plexus-utils-3.0.24.jar;C:\Users\Cliente\.m2\repository\org\apache\maven\shared\file-management\3.1.0\file-management-3.1.0.jar;C:\Users\Cliente\.m2\repository\commons-io\commons-io\2.11.0\commons-io-2.11.0.jar;C:\Users\Cliente\.m2\repository\org\apache\maven\reporting\maven-reporting-api\3.0\maven-reporting-api-3.0.jar;C:\Users\Cliente\.m2\repository\org\apache\maven\doxia\doxia-sink-api\1.0\doxia-sink-api-1.0.jar;C:\Users\Cliente\.m2\repository\org\jacoco\org.jacoco.agent\0.8.11\org.jacoco.agent-0.8.11-runtime.jar;C:\Users\Cliente\.m2\repository\org\jacoco\org.jacoco.core\0.8.11\org.jacoco.core-0.8.11.jar;C:\Users\Cliente\.m2\repository\org\ow2\asm\asm\9.6\asm-9.6.jar;C:\Users\Cliente\.m2\repository\org\ow2\asm\asm-commons\9.6\asm-commons-9.6.jar;C:\Users\Cliente\.m2\repository\org\ow2\asm\asm-tree\9.6\asm-tree-9.6.jar;C:\Users\Cliente\.m2\repository\org\jacoco\org.jacoco.report\0.8.11\org.jacoco.report-0.8.11.jar;"/>
    <property name="sun.cpu.endian" value="little"/>
    <property name="user.home" value="C:\Users\Cliente"/>
    <property name="user.language" value="pt"/>
    <property name="java.specification.vendor" value="Oracle Corporation"/>
    <property name="java.version.date" value="2023-07-18"/>
    <property name="java.home" value="C:\Program Files\Java\jdk-17"/>
    <property name="file.separator" value="\"/>
    <property name="basedir" value="C:\Users\Cliente\Desktop\Softwares\MARVSupportApp"/>
    <property name="java.vm.compressedOopsMode" value="Zero based"/>
    <property name="line.separator" value="&#10;"/>
    <property name="java.vm.specification.vendor" value="Oracle Corporation"/>
    <property name="java.specification.name" value="Java Platform API Specification"/>
    <property name="surefire.real.class.path" value="C:\Users\Cliente\AppData\Local\Temp\surefire12573187558435779081\surefirebooter-20231202213926955_3.jar"/>
    <property name="user.script" value=""/>
    <property name="sun.management.compiler" value="HotSpot 64-Bit Tiered Compilers"/>
    <property name="java.runtime.version" value="17.0.8+9-LTS-211"/>
    <property name="user.name" value="Cliente"/>
    <property name="path.separator" value=";"/>
    <property name="os.version" value="10.0"/>
    <property name="java.runtime.name" value="Java(TM) SE Runtime Environment"/>
    <property name="file.encoding" value="UTF-8"/>
    <property name="java.vm.name" value="Java HotSpot(TM) 64-Bit Server VM"/>
    <property name="maven.ext.class.path" value="C:\Program Files\NetBeans-19\netbeans\java\maven-nblib\netbeans-eventspy.jar"/>
    <property name="localRepository" value="C:\Users\Cliente\.m2\repository"/>
    <property name="java.vendor.url.bug" value="https://bugreport.java.com/bugreport/"/>
    <property name="java.io.tmpdir" value="C:\Users\Cliente\AppData\Local\Temp\"/>
    <property name="java.version" value="17.0.8"/>
    <property name="user.dir" value="C:\Users\Cliente\Desktop\Softwares\MARVSupportApp"/>
    <property name="os.arch" value="amd64"/>
    <property name="java.vm.specification.name" value="Java Virtual Machine Specification"/>
    <property name="sun.os.patch.level" value=""/>
    <property name="native.encoding" value="Cp1252"/>
    <property name="java.library.path" value="C:\Program Files\Java\jdk-17\bin;C:\WINDOWS\Sun\Java\bin;C:\WINDOWS\system32;C:\WINDOWS;C:\Program Files\Common Files\Oracle\Java\javapath;C:\Windows\system32;C:\Windows;C:\Windows\System32\Wbem;C:\Windows\System32\WindowsPowerShell\v1.0\;C:\Windows\System32\OpenSSH\;C:\WINDOWS\system32;C:\WINDOWS;C:\WINDOWS\System32\Wbem;C:\WINDOWS\System32\WindowsPowerShell\v1.0\;C:\WINDOWS\System32\OpenSSH\;C:\Users\Cliente\AppData\Local\Microsoft\WindowsApps;C:\Users\Cliente\AppData\Local\Programs\Microsoft VS Code\bin;C:\Users\Cliente\AppData\Local\GitHubDesktop\bin;;."/>
    <property name="java.vm.info" value="mixed mode, sharing"/>
    <property name="java.vendor" value="Oracle Corporation"/>
    <property name="java.vm.version" value="17.0.8+9-LTS-211"/>
    <property name="sun.io.unicode.encoding" value="UnicodeLittle"/>
    <property name="java.class.version" value="61.0"/>
    <property name="argLine" value="--enable-preview"/>
  </properties>
  <testcase name="testConexaoOk" classname="junitTests.ConnectionTest" time="0.019">
    <system-out><![CDATA[testConexaoOk = Passou
]]></system-out>
  </testcase>
</testsuite>